<?xml version="1.0" encoding="UTF-8"?>
<!-- Generated by org.testng.reporters.JUnitXMLReporter -->
<testsuite hostname="Daras-MacBook-Air.local" failures="1" tests="4" name="dou-all-test" time="36.11" errors="0" timestamp="3 Feb 2022 20:18:02 GMT">
  <testcase classname="SearchTestDou" name="clearSearchedQuery" time="0.252"/>
  <testcase classname="SearchTestDou" name="displayTotalNumberOfSearchedResults" time="0.937"/>
  <testcase classname="SearchTestDou" name="failedPagination" time="0.762">
    <failure type="java.lang.AssertionError" message="Fail if size not 10">
      <![CDATA[java.lang.AssertionError: Fail if size not 10
	at SearchTestDou.failedPagination(SearchTestDou.java:103)
	at com.intellij.rt.testng.IDEARemoteTestNG.run(IDEARemoteTestNG.java:66)
	at com.intellij.rt.testng.RemoteTestNGStarter.main(RemoteTestNGStarter.java:109)
... Removed 23 stack frames]]>
    </failure>
  </testcase> <!-- failedPagination -->
  <testcase classname="SearchTestDou" name="failedSearchResult" time="10.153"/>
</testsuite> <!-- dou-all-test -->
