<?xml version="1.0" encoding="UTF-8"?>
<testng-results total="4" passed="3" failed="1" skipped="0">
  <reporter-output>
  </reporter-output>
  <suite started-at="2022-02-03T20:17:26Z" name="DOU-ALL-suite" finished-at="2022-02-03T20:18:02Z" duration-ms="36110">
    <groups>
      <group name="ClearedSearchedQuery">
        <method signature="SearchTestDou.clearSearchedQuery()[pri:0, instance:SearchTestDou@23941fb4]" name="clearSearchedQuery" class="SearchTestDou"/>
      </group> <!-- ClearedSearchedQuery -->
      <group name="NumberOfSearchedResults">
        <method signature="SearchTestDou.displayTotalNumberOfSearchedResults()[pri:0, instance:SearchTestDou@23941fb4]" name="displayTotalNumberOfSearchedResults" class="SearchTestDou"/>
      </group> <!-- NumberOfSearchedResults -->
      <group name="FailedSearchResult">
        <method signature="SearchTestDou.failedSearchResult()[pri:0, instance:SearchTestDou@23941fb4]" name="failedSearchResult" class="SearchTestDou"/>
      </group> <!-- FailedSearchResult -->
      <group name="FailedPagination">
        <method signature="SearchTestDou.failedPagination()[pri:0, instance:SearchTestDou@23941fb4]" name="failedPagination" class="SearchTestDou"/>
      </group> <!-- FailedPagination -->
    </groups>
    <test started-at="2022-02-03T20:17:26Z" name="dou-all-test" finished-at="2022-02-03T20:18:02Z" duration-ms="36110">
      <class name="SearchTestDou">
        <test-method is-config="true" signature="runChromeDriverAndNavigateToDou()[pri:0, instance:SearchTestDou@23941fb4]" started-at="2022-02-03T22:17:26Z" name="runChromeDriverAndNavigateToDou" finished-at="2022-02-03T22:17:35Z" duration-ms="9545" status="PASS">
          <reporter-output>
          </reporter-output>
        </test-method> <!-- runChromeDriverAndNavigateToDou -->
        <test-method signature="clearSearchedQuery()[pri:0, instance:SearchTestDou@23941fb4]" started-at="2022-02-03T22:17:35Z" name="clearSearchedQuery" finished-at="2022-02-03T22:17:35Z" duration-ms="252" status="PASS">
          <reporter-output>
          </reporter-output>
        </test-method> <!-- clearSearchedQuery -->
        <test-method is-config="true" signature="cleanSearchField()[pri:0, instance:SearchTestDou@23941fb4]" started-at="2022-02-03T22:17:35Z" name="cleanSearchField" finished-at="2022-02-03T22:17:35Z" duration-ms="17" status="PASS">
          <reporter-output>
          </reporter-output>
        </test-method> <!-- cleanSearchField -->
        <test-method is-config="true" signature="closeDriver()[pri:0, instance:SearchTestDou@23941fb4]" started-at="2022-02-03T22:17:35Z" name="closeDriver" finished-at="2022-02-03T22:17:35Z" duration-ms="80" status="PASS">
          <reporter-output>
          </reporter-output>
        </test-method> <!-- closeDriver -->
        <test-method is-config="true" signature="runChromeDriverAndNavigateToDou()[pri:0, instance:SearchTestDou@23941fb4]" started-at="2022-02-03T22:17:35Z" name="runChromeDriverAndNavigateToDou" finished-at="2022-02-03T22:17:40Z" duration-ms="4651" status="PASS">
          <reporter-output>
          </reporter-output>
        </test-method> <!-- runChromeDriverAndNavigateToDou -->
        <test-method signature="displayTotalNumberOfSearchedResults()[pri:0, instance:SearchTestDou@23941fb4]" started-at="2022-02-03T22:17:40Z" name="displayTotalNumberOfSearchedResults" finished-at="2022-02-03T22:17:41Z" duration-ms="937" status="PASS">
          <reporter-output>
          </reporter-output>
        </test-method> <!-- displayTotalNumberOfSearchedResults -->
        <test-method is-config="true" signature="cleanSearchField()[pri:0, instance:SearchTestDou@23941fb4]" started-at="2022-02-03T22:17:41Z" name="cleanSearchField" finished-at="2022-02-03T22:17:41Z" duration-ms="61" status="PASS">
          <reporter-output>
          </reporter-output>
        </test-method> <!-- cleanSearchField -->
        <test-method is-config="true" signature="closeDriver()[pri:0, instance:SearchTestDou@23941fb4]" started-at="2022-02-03T22:17:41Z" name="closeDriver" finished-at="2022-02-03T22:17:41Z" duration-ms="83" status="PASS">
          <reporter-output>
          </reporter-output>
        </test-method> <!-- closeDriver -->
        <test-method is-config="true" signature="runChromeDriverAndNavigateToDou()[pri:0, instance:SearchTestDou@23941fb4]" started-at="2022-02-03T22:17:41Z" name="runChromeDriverAndNavigateToDou" finished-at="2022-02-03T22:17:46Z" duration-ms="4486" status="PASS">
          <reporter-output>
          </reporter-output>
        </test-method> <!-- runChromeDriverAndNavigateToDou -->
        <test-method signature="failedPagination()[pri:0, instance:SearchTestDou@23941fb4]" started-at="2022-02-03T22:17:46Z" name="failedPagination" finished-at="2022-02-03T22:17:46Z" duration-ms="762" status="FAIL">
          <exception class="java.lang.AssertionError">
            <message>
              <![CDATA[Fail if size not 10]]>
            </message>
            <full-stacktrace>
              <![CDATA[java.lang.AssertionError: Fail if size not 10
	at org.testng.Assert.fail(Assert.java:94)
	at org.testng.Assert.assertNotEquals(Assert.java:856)
	at SearchTestDou.failedPagination(SearchTestDou.java:103)
	at java.base/jdk.internal.reflect.NativeMethodAccessorImpl.invoke0(Native Method)
	at java.base/jdk.internal.reflect.NativeMethodAccessorImpl.invoke(NativeMethodAccessorImpl.java:77)
	at java.base/jdk.internal.reflect.DelegatingMethodAccessorImpl.invoke(DelegatingMethodAccessorImpl.java:43)
	at java.base/java.lang.reflect.Method.invoke(Method.java:568)
	at org.testng.internal.MethodInvocationHelper.invokeMethod(MethodInvocationHelper.java:85)
	at org.testng.internal.Invoker.invokeMethod(Invoker.java:639)
	at org.testng.internal.Invoker.invokeTestMethod(Invoker.java:816)
	at org.testng.internal.Invoker.invokeTestMethods(Invoker.java:1124)
	at org.testng.internal.TestMethodWorker.invokeTestMethods(TestMethodWorker.java:125)
	at org.testng.internal.TestMethodWorker.run(TestMethodWorker.java:108)
	at org.testng.TestRunner.privateRun(TestRunner.java:774)
	at org.testng.TestRunner.run(TestRunner.java:624)
	at org.testng.SuiteRunner.runTest(SuiteRunner.java:359)
	at org.testng.SuiteRunner.runSequentially(SuiteRunner.java:354)
	at org.testng.SuiteRunner.privateRun(SuiteRunner.java:312)
	at org.testng.SuiteRunner.run(SuiteRunner.java:261)
	at org.testng.SuiteRunnerWorker.runSuite(SuiteRunnerWorker.java:52)
	at org.testng.SuiteRunnerWorker.run(SuiteRunnerWorker.java:86)
	at org.testng.TestNG.runSuitesSequentially(TestNG.java:1215)
	at org.testng.TestNG.runSuitesLocally(TestNG.java:1140)
	at org.testng.TestNG.run(TestNG.java:1048)
	at com.intellij.rt.testng.IDEARemoteTestNG.run(IDEARemoteTestNG.java:66)
	at com.intellij.rt.testng.RemoteTestNGStarter.main(RemoteTestNGStarter.java:109)
]]>
            </full-stacktrace>
          </exception> <!-- java.lang.AssertionError -->
          <reporter-output>
          </reporter-output>
        </test-method> <!-- failedPagination -->
        <test-method is-config="true" signature="cleanSearchField()[pri:0, instance:SearchTestDou@23941fb4]" started-at="2022-02-03T22:17:46Z" name="cleanSearchField" finished-at="2022-02-03T22:17:47Z" duration-ms="166" status="PASS">
          <reporter-output>
          </reporter-output>
        </test-method> <!-- cleanSearchField -->
        <test-method is-config="true" signature="closeDriver()[pri:0, instance:SearchTestDou@23941fb4]" started-at="2022-02-03T22:17:47Z" name="closeDriver" finished-at="2022-02-03T22:17:47Z" duration-ms="82" status="PASS">
          <reporter-output>
          </reporter-output>
        </test-method> <!-- closeDriver -->
        <test-method is-config="true" signature="runChromeDriverAndNavigateToDou()[pri:0, instance:SearchTestDou@23941fb4]" started-at="2022-02-03T22:17:47Z" name="runChromeDriverAndNavigateToDou" finished-at="2022-02-03T22:17:51Z" duration-ms="4712" status="PASS">
          <reporter-output>
          </reporter-output>
        </test-method> <!-- runChromeDriverAndNavigateToDou -->
        <test-method signature="failedSearchResult()[pri:0, instance:SearchTestDou@23941fb4]" started-at="2022-02-03T22:17:51Z" name="failedSearchResult" finished-at="2022-02-03T22:18:02Z" duration-ms="10153" status="PASS">
          <reporter-output>
          </reporter-output>
        </test-method> <!-- failedSearchResult -->
        <test-method is-config="true" signature="cleanSearchField()[pri:0, instance:SearchTestDou@23941fb4]" started-at="2022-02-03T22:18:02Z" name="cleanSearchField" finished-at="2022-02-03T22:18:02Z" duration-ms="30" status="PASS">
          <reporter-output>
          </reporter-output>
        </test-method> <!-- cleanSearchField -->
        <test-method is-config="true" signature="closeDriver()[pri:0, instance:SearchTestDou@23941fb4]" started-at="2022-02-03T22:18:02Z" name="closeDriver" finished-at="2022-02-03T22:18:02Z" duration-ms="78" status="PASS">
          <reporter-output>
          </reporter-output>
        </test-method> <!-- closeDriver -->
      </class> <!-- SearchTestDou -->
    </test> <!-- dou-all-test -->
  </suite> <!-- DOU-ALL-suite -->
</testng-results>
